2022-04-24 09:34:44.101  INFO 17548 --- [main] c.p.m.logger.PocLoggerFApplication       : Starting PocLoggerFApplication using Java 17.0.1 on DESKTOP-C0H1UP2 with PID 17548 (C:\Users\Collabera\Desktop\POC_WORKSPACE\POC-LoggerMicroservice\target\classes started by Collabera in C:\Users\Collabera\Desktop\POC_WORKSPACE\POC-LoggerMicroservice)
2022-04-24 09:34:44.130  INFO 17548 --- [main] c.p.m.logger.PocLoggerFApplication       : No active profile set, falling back to 1 default profile: "default"
2022-04-24 09:34:46.794  INFO 17548 --- [main] .s.d.r.c.RepositoryConfigurationDelegate : Bootstrapping Spring Data MongoDB repositories in DEFAULT mode.
2022-04-24 09:34:46.948  INFO 17548 --- [main] .s.d.r.c.RepositoryConfigurationDelegate : Finished Spring Data repository scanning in 139 ms. Found 1 MongoDB repository interfaces.
2022-04-24 09:34:48.480  INFO 17548 --- [main] o.s.b.w.embedded.tomcat.TomcatWebServer  : Tomcat initialized with port(s): 8888 (http)
2022-04-24 09:34:48.510  INFO 17548 --- [main] o.apache.catalina.core.StandardService   : Starting service [Tomcat]
2022-04-24 09:34:48.511  INFO 17548 --- [main] org.apache.catalina.core.StandardEngine  : Starting Servlet engine: [Apache Tomcat/9.0.58]
2022-04-24 09:34:48.909  INFO 17548 --- [main] o.a.c.c.C.[Tomcat].[localhost].[/]       : Initializing Spring embedded WebApplicationContext
2022-04-24 09:34:48.910  INFO 17548 --- [main] w.s.c.ServletWebServerApplicationContext : Root WebApplicationContext: initialization completed in 4586 ms
2022-04-24 09:34:51.161  INFO 17548 --- [main] org.mongodb.driver.cluster               : Cluster created with settings {hosts=[localhost:27017], mode=SINGLE, requiredClusterType=UNKNOWN, serverSelectionTimeout='30000 ms'}
2022-04-24 09:34:51.640  INFO 17548 --- [cluster-rtt-ClusterId{value='6264a93b50c6b25ab0424db4', description='null'}-localhost:27017] org.mongodb.driver.connection            : Opened connection [connectionId{localValue:2, serverValue:422}] to localhost:27017
2022-04-24 09:34:51.640  INFO 17548 --- [cluster-ClusterId{value='6264a93b50c6b25ab0424db4', description='null'}-localhost:27017] org.mongodb.driver.connection            : Opened connection [connectionId{localValue:1, serverValue:421}] to localhost:27017
2022-04-24 09:34:51.643  INFO 17548 --- [cluster-ClusterId{value='6264a93b50c6b25ab0424db4', description='null'}-localhost:27017] org.mongodb.driver.cluster               : Monitor thread successfully connected to server with description ServerDescription{address=localhost:27017, type=STANDALONE, state=CONNECTED, ok=true, minWireVersion=0, maxWireVersion=13, maxDocumentSize=16777216, logicalSessionTimeoutMinutes=30, roundTripTimeNanos=95363100}
2022-04-24 09:34:55.901  INFO 17548 --- [main] o.s.b.a.e.web.EndpointLinksResolver      : Exposing 1 endpoint(s) beneath base path '/actuator'
2022-04-24 09:34:56.269  INFO 17548 --- [main] o.a.k.clients.consumer.ConsumerConfig    : ConsumerConfig values: 
	allow.auto.create.topics = true
	auto.commit.interval.ms = 5000
	auto.offset.reset = earliest
	bootstrap.servers = [localhost:9092]
	check.crcs = true
	client.dns.lookup = use_all_dns_ips
	client.id = consumer-groupId-1
	client.rack = 
	connections.max.idle.ms = 540000
	default.api.timeout.ms = 60000
	enable.auto.commit = false
	exclude.internal.topics = true
	fetch.max.bytes = 52428800
	fetch.max.wait.ms = 500
	fetch.min.bytes = 1
	group.id = groupId
	group.instance.id = null
	heartbeat.interval.ms = 3000
	interceptor.classes = []
	internal.leave.group.on.close = true
	internal.throw.on.fetch.stable.offset.unsupported = false
	isolation.level = read_uncommitted
	key.deserializer = class org.apache.kafka.common.serialization.StringDeserializer
	max.partition.fetch.bytes = 1048576
	max.poll.interval.ms = 300000
	max.poll.records = 500
	metadata.max.age.ms = 300000
	metric.reporters = []
	metrics.num.samples = 2
	metrics.recording.level = INFO
	metrics.sample.window.ms = 30000
	partition.assignment.strategy = [class org.apache.kafka.clients.consumer.RangeAssignor, class org.apache.kafka.clients.consumer.CooperativeStickyAssignor]
	receive.buffer.bytes = 65536
	reconnect.backoff.max.ms = 1000
	reconnect.backoff.ms = 50
	request.timeout.ms = 30000
	retry.backoff.ms = 100
	sasl.client.callback.handler.class = null
	sasl.jaas.config = null
	sasl.kerberos.kinit.cmd = /usr/bin/kinit
	sasl.kerberos.min.time.before.relogin = 60000
	sasl.kerberos.service.name = null
	sasl.kerberos.ticket.renew.jitter = 0.05
	sasl.kerberos.ticket.renew.window.factor = 0.8
	sasl.login.callback.handler.class = null
	sasl.login.class = null
	sasl.login.refresh.buffer.seconds = 300
	sasl.login.refresh.min.period.seconds = 60
	sasl.login.refresh.window.factor = 0.8
	sasl.login.refresh.window.jitter = 0.05
	sasl.mechanism = GSSAPI
	security.protocol = PLAINTEXT
	security.providers = null
	send.buffer.bytes = 131072
	session.timeout.ms = 45000
	socket.connection.setup.timeout.max.ms = 30000
	socket.connection.setup.timeout.ms = 10000
	ssl.cipher.suites = null
	ssl.enabled.protocols = [TLSv1.2, TLSv1.3]
	ssl.endpoint.identification.algorithm = https
	ssl.engine.factory.class = null
	ssl.key.password = null
	ssl.keymanager.algorithm = SunX509
	ssl.keystore.certificate.chain = null
	ssl.keystore.key = null
	ssl.keystore.location = null
	ssl.keystore.password = null
	ssl.keystore.type = JKS
	ssl.protocol = TLSv1.3
	ssl.provider = null
	ssl.secure.random.implementation = null
	ssl.trustmanager.algorithm = PKIX
	ssl.truststore.certificates = null
	ssl.truststore.location = null
	ssl.truststore.password = null
	ssl.truststore.type = JKS
	value.deserializer = class org.apache.kafka.common.serialization.StringDeserializer

2022-04-24 09:34:56.804  INFO 17548 --- [main] o.a.kafka.common.utils.AppInfoParser     : Kafka version: 3.0.0
2022-04-24 09:34:56.808  INFO 17548 --- [main] o.a.kafka.common.utils.AppInfoParser     : Kafka commitId: 8cb0a5e9d3441962
2022-04-24 09:34:56.808  INFO 17548 --- [main] o.a.kafka.common.utils.AppInfoParser     : Kafka startTimeMs: 1650764096799
2022-04-24 09:34:56.871  INFO 17548 --- [main] o.a.k.clients.consumer.KafkaConsumer     : [Consumer clientId=consumer-groupId-1, groupId=groupId] Subscribed to topic(s): PM_activityLogs
2022-04-24 09:34:57.016  INFO 17548 --- [main] o.s.b.w.embedded.tomcat.TomcatWebServer  : Tomcat started on port(s): 8888 (http) with context path ''
2022-04-24 09:34:57.081  INFO 17548 --- [main] c.p.m.logger.PocLoggerFApplication       : Started PocLoggerFApplication in 14.298 seconds (JVM running for 16.353)
2022-04-24 09:34:57.479  INFO 17548 --- [RMI TCP Connection(1)-127.0.0.1] o.a.c.c.C.[Tomcat].[localhost].[/]       : Initializing Spring DispatcherServlet 'dispatcherServlet'
2022-04-24 09:34:57.480  INFO 17548 --- [RMI TCP Connection(1)-127.0.0.1] o.s.web.servlet.DispatcherServlet        : Initializing Servlet 'dispatcherServlet'
2022-04-24 09:34:57.484  INFO 17548 --- [RMI TCP Connection(1)-127.0.0.1] o.s.web.servlet.DispatcherServlet        : Completed initialization in 4 ms
2022-04-24 09:34:58.371  INFO 17548 --- [org.springframework.kafka.KafkaListenerEndpointContainer#0-0-C-1] org.apache.kafka.clients.Metadata        : [Consumer clientId=consumer-groupId-1, groupId=groupId] Cluster ID: Tp4BAZM_QLybJkXJSpHvWg
2022-04-24 09:34:58.374  INFO 17548 --- [org.springframework.kafka.KafkaListenerEndpointContainer#0-0-C-1] o.a.k.c.c.internals.ConsumerCoordinator  : [Consumer clientId=consumer-groupId-1, groupId=groupId] Discovered group coordinator DESKTOP-C0H1UP2.mshome.net:9092 (id: 2147483647 rack: null)
2022-04-24 09:34:58.398  INFO 17548 --- [org.springframework.kafka.KafkaListenerEndpointContainer#0-0-C-1] o.a.k.c.c.internals.ConsumerCoordinator  : [Consumer clientId=consumer-groupId-1, groupId=groupId] (Re-)joining group
2022-04-24 09:34:58.473  INFO 17548 --- [org.springframework.kafka.KafkaListenerEndpointContainer#0-0-C-1] o.a.k.c.c.internals.ConsumerCoordinator  : [Consumer clientId=consumer-groupId-1, groupId=groupId] Request joining group due to: need to re-join with the given member-id
2022-04-24 09:34:58.474  INFO 17548 --- [org.springframework.kafka.KafkaListenerEndpointContainer#0-0-C-1] o.a.k.c.c.internals.ConsumerCoordinator  : [Consumer clientId=consumer-groupId-1, groupId=groupId] (Re-)joining group
2022-04-24 09:34:58.514  INFO 17548 --- [org.springframework.kafka.KafkaListenerEndpointContainer#0-0-C-1] o.a.k.c.c.internals.ConsumerCoordinator  : [Consumer clientId=consumer-groupId-1, groupId=groupId] Successfully joined group with generation Generation{generationId=45, memberId='consumer-groupId-1-a7150023-bfce-40ee-8c12-eccd46692fc4', protocol='range'}
2022-04-24 09:34:58.520  INFO 17548 --- [org.springframework.kafka.KafkaListenerEndpointContainer#0-0-C-1] o.a.k.c.c.internals.ConsumerCoordinator  : [Consumer clientId=consumer-groupId-1, groupId=groupId] Finished assignment for group at generation 45: {consumer-groupId-1-a7150023-bfce-40ee-8c12-eccd46692fc4=Assignment(partitions=[PM_activityLogs-0])}
2022-04-24 09:34:58.679  INFO 17548 --- [org.springframework.kafka.KafkaListenerEndpointContainer#0-0-C-1] o.a.k.c.c.internals.ConsumerCoordinator  : [Consumer clientId=consumer-groupId-1, groupId=groupId] Successfully synced group in generation Generation{generationId=45, memberId='consumer-groupId-1-a7150023-bfce-40ee-8c12-eccd46692fc4', protocol='range'}
2022-04-24 09:34:58.681  INFO 17548 --- [org.springframework.kafka.KafkaListenerEndpointContainer#0-0-C-1] o.a.k.c.c.internals.ConsumerCoordinator  : [Consumer clientId=consumer-groupId-1, groupId=groupId] Notifying assignor about the new Assignment(partitions=[PM_activityLogs-0])
2022-04-24 09:34:58.688  INFO 17548 --- [org.springframework.kafka.KafkaListenerEndpointContainer#0-0-C-1] o.a.k.c.c.internals.ConsumerCoordinator  : [Consumer clientId=consumer-groupId-1, groupId=groupId] Adding newly assigned partitions: PM_activityLogs-0
2022-04-24 09:34:58.732  INFO 17548 --- [org.springframework.kafka.KafkaListenerEndpointContainer#0-0-C-1] o.a.k.c.c.internals.ConsumerCoordinator  : [Consumer clientId=consumer-groupId-1, groupId=groupId] Setting offset for partition PM_activityLogs-0 to the committed offset FetchPosition{offset=208, offsetEpoch=Optional.empty, currentLeader=LeaderAndEpoch{leader=Optional[DESKTOP-C0H1UP2.mshome.net:9092 (id: 0 rack: null)], epoch=0}}
2022-04-24 09:34:58.851  INFO 17548 --- [org.springframework.kafka.KafkaListenerEndpointContainer#0-0-C-1] o.s.k.l.KafkaMessageListenerContainer    : groupId: partitions assigned: [PM_activityLogs-0]
2022-04-24 11:40:19.551  INFO 17548 --- [kafka-coordinator-heartbeat-thread | groupId] o.a.k.c.c.internals.ConsumerCoordinator  : [Consumer clientId=consumer-groupId-1, groupId=groupId] Group coordinator DESKTOP-C0H1UP2.mshome.net:9092 (id: 2147483647 rack: null) is unavailable or invalid due to cause: coordinator unavailable.isDisconnected: true. Rediscovery will be attempted.
2022-04-24 11:40:19.675  INFO 17548 --- [kafka-coordinator-heartbeat-thread | groupId] o.a.k.c.c.internals.ConsumerCoordinator  : [Consumer clientId=consumer-groupId-1, groupId=groupId] Discovered group coordinator DESKTOP-C0H1UP2.mshome.net:9092 (id: 2147483647 rack: null)
2022-04-24 11:40:19.688  WARN 17548 --- [kafka-coordinator-heartbeat-thread | groupId] o.a.k.c.c.internals.ConsumerCoordinator  : [Consumer clientId=consumer-groupId-1, groupId=groupId] consumer poll timeout has expired. This means the time between subsequent calls to poll() was longer than the configured max.poll.interval.ms, which typically implies that the poll loop is spending too much time processing messages. You can address this either by increasing max.poll.interval.ms or by reducing the maximum size of batches returned in poll() with max.poll.records.
2022-04-24 11:40:19.688  INFO 17548 --- [kafka-coordinator-heartbeat-thread | groupId] o.a.k.c.c.internals.ConsumerCoordinator  : [Consumer clientId=consumer-groupId-1, groupId=groupId] Member consumer-groupId-1-a7150023-bfce-40ee-8c12-eccd46692fc4 sending LeaveGroup request to coordinator DESKTOP-C0H1UP2.mshome.net:9092 (id: 2147483647 rack: null) due to consumer poll timeout has expired.
2022-04-24 11:40:19.691  INFO 17548 --- [kafka-coordinator-heartbeat-thread | groupId] o.a.k.c.c.internals.ConsumerCoordinator  : [Consumer clientId=consumer-groupId-1, groupId=groupId] Discovered group coordinator DESKTOP-C0H1UP2.mshome.net:9092 (id: 2147483647 rack: null)
2022-04-24 11:40:19.691  INFO 17548 --- [kafka-coordinator-heartbeat-thread | groupId] o.a.k.c.c.internals.ConsumerCoordinator  : [Consumer clientId=consumer-groupId-1, groupId=groupId] Resetting generation due to: consumer pro-actively leaving the group
2022-04-24 11:40:19.691  INFO 17548 --- [kafka-coordinator-heartbeat-thread | groupId] o.a.k.c.c.internals.ConsumerCoordinator  : [Consumer clientId=consumer-groupId-1, groupId=groupId] Request joining group due to: consumer pro-actively leaving the group
2022-04-24 11:40:20.461  INFO 17548 --- [org.springframework.kafka.KafkaListenerEndpointContainer#0-0-C-1] o.a.k.c.c.internals.ConsumerCoordinator  : [Consumer clientId=consumer-groupId-1, groupId=groupId] Giving away all assigned partitions as lost since generation has been reset,indicating that consumer is no longer part of the group
2022-04-24 11:40:20.463  INFO 17548 --- [org.springframework.kafka.KafkaListenerEndpointContainer#0-0-C-1] o.a.k.c.c.internals.ConsumerCoordinator  : [Consumer clientId=consumer-groupId-1, groupId=groupId] Lost previously assigned partitions PM_activityLogs-0
2022-04-24 11:40:20.470  INFO 17548 --- [org.springframework.kafka.KafkaListenerEndpointContainer#0-0-C-1] o.s.k.l.KafkaMessageListenerContainer    : groupId: partitions lost: [PM_activityLogs-0]
2022-04-24 11:40:20.474  INFO 17548 --- [org.springframework.kafka.KafkaListenerEndpointContainer#0-0-C-1] o.s.k.l.KafkaMessageListenerContainer    : groupId: partitions revoked: [PM_activityLogs-0]
2022-04-24 11:40:20.478  INFO 17548 --- [org.springframework.kafka.KafkaListenerEndpointContainer#0-0-C-1] o.a.k.c.c.internals.ConsumerCoordinator  : [Consumer clientId=consumer-groupId-1, groupId=groupId] (Re-)joining group
2022-04-24 11:40:20.527 ERROR 17548 --- [org.springframework.kafka.KafkaListenerEndpointContainer#0-0-C-1] o.a.k.c.c.internals.ConsumerCoordinator  : [Consumer clientId=consumer-groupId-1, groupId=groupId] LeaveGroup request with Generation{generationId=45, memberId='consumer-groupId-1-a7150023-bfce-40ee-8c12-eccd46692fc4', protocol='range'} failed with error: The coordinator is not aware of this member.
2022-04-24 11:40:20.623  INFO 17548 --- [org.springframework.kafka.KafkaListenerEndpointContainer#0-0-C-1] o.a.k.c.c.internals.ConsumerCoordinator  : [Consumer clientId=consumer-groupId-1, groupId=groupId] Request joining group due to: need to re-join with the given member-id
2022-04-24 11:40:20.624  INFO 17548 --- [org.springframework.kafka.KafkaListenerEndpointContainer#0-0-C-1] o.a.k.c.c.internals.ConsumerCoordinator  : [Consumer clientId=consumer-groupId-1, groupId=groupId] (Re-)joining group
2022-04-24 11:40:20.805  INFO 17548 --- [org.springframework.kafka.KafkaListenerEndpointContainer#0-0-C-1] o.a.k.c.c.internals.ConsumerCoordinator  : [Consumer clientId=consumer-groupId-1, groupId=groupId] Successfully joined group with generation Generation{generationId=47, memberId='consumer-groupId-1-8ba7c8c2-d84f-4ea5-9cbb-261847fc20ac', protocol='range'}
2022-04-24 11:40:20.805  INFO 17548 --- [org.springframework.kafka.KafkaListenerEndpointContainer#0-0-C-1] o.a.k.c.c.internals.ConsumerCoordinator  : [Consumer clientId=consumer-groupId-1, groupId=groupId] Finished assignment for group at generation 47: {consumer-groupId-1-8ba7c8c2-d84f-4ea5-9cbb-261847fc20ac=Assignment(partitions=[PM_activityLogs-0])}
2022-04-24 11:40:21.116  INFO 17548 --- [org.springframework.kafka.KafkaListenerEndpointContainer#0-0-C-1] o.a.k.c.c.internals.ConsumerCoordinator  : [Consumer clientId=consumer-groupId-1, groupId=groupId] Successfully synced group in generation Generation{generationId=47, memberId='consumer-groupId-1-8ba7c8c2-d84f-4ea5-9cbb-261847fc20ac', protocol='range'}
2022-04-24 11:40:21.117  INFO 17548 --- [org.springframework.kafka.KafkaListenerEndpointContainer#0-0-C-1] o.a.k.c.c.internals.ConsumerCoordinator  : [Consumer clientId=consumer-groupId-1, groupId=groupId] Notifying assignor about the new Assignment(partitions=[PM_activityLogs-0])
2022-04-24 11:40:21.117  INFO 17548 --- [org.springframework.kafka.KafkaListenerEndpointContainer#0-0-C-1] o.a.k.c.c.internals.ConsumerCoordinator  : [Consumer clientId=consumer-groupId-1, groupId=groupId] Adding newly assigned partitions: PM_activityLogs-0
2022-04-24 11:40:21.123  INFO 17548 --- [org.springframework.kafka.KafkaListenerEndpointContainer#0-0-C-1] o.a.k.c.c.internals.ConsumerCoordinator  : [Consumer clientId=consumer-groupId-1, groupId=groupId] Setting offset for partition PM_activityLogs-0 to the committed offset FetchPosition{offset=208, offsetEpoch=Optional.empty, currentLeader=LeaderAndEpoch{leader=Optional[DESKTOP-C0H1UP2.mshome.net:9092 (id: 0 rack: null)], epoch=0}}
2022-04-24 11:40:21.123  INFO 17548 --- [org.springframework.kafka.KafkaListenerEndpointContainer#0-0-C-1] o.s.k.l.KafkaMessageListenerContainer    : groupId: partitions assigned: [PM_activityLogs-0]
