2022-04-26 13:46:09.311  INFO 4976 --- [main] o.s.s.web.DefaultSecurityFilterChain     : Will not secure any request
2022-04-26 13:46:12.481  INFO 4976 --- [main] n.d.b.g.c.a.GrpcClientAutoConfiguration  : Detected grpc-netty-shaded: Creating ShadedNettyChannelFactory + InProcessChannelFactory
2022-04-26 13:46:13.442  INFO 4976 --- [main] o.s.b.a.e.web.EndpointLinksResolver      : Exposing 14 endpoint(s) beneath base path '/actuator'
2022-04-26 13:46:13.640  INFO 4976 --- [main] o.s.b.w.embedded.tomcat.TomcatWebServer  : Tomcat started on port(s): 8889 (http) with context path '/api/v1'
2022-04-26 13:46:13.692  INFO 4976 --- [main] .c.PocCartGatewayMicroserviceApplication : Started PocCartGatewayMicroserviceApplication in 10.772 seconds (JVM running for 12.291)
2022-04-26 13:50:09.344  INFO 4976 --- [http-nio-8889-exec-2] o.a.c.c.C.[.[localhost].[/api/v1]        : Initializing Spring DispatcherServlet 'dispatcherServlet'
2022-04-26 13:50:09.344  INFO 4976 --- [http-nio-8889-exec-2] o.s.web.servlet.DispatcherServlet        : Initializing Servlet 'dispatcherServlet'
2022-04-26 13:50:09.347  INFO 4976 --- [http-nio-8889-exec-2] o.s.web.servlet.DispatcherServlet        : Completed initialization in 2 ms
2022-04-26 13:50:10.131  INFO 4976 --- [http-nio-8889-exec-2] c.c.logging_and_tracing.GatewayLogger    : [ACTIVITY-Controller] addToCart| Request Inputs: [RequestInfo(productId=3, quantity=100), org.springframework.validation.BeanPropertyBindingResult: 0 errors, SecurityContextHolderAwareRequestWrapper[ org.springframework.security.web.header.HeaderWriterFilter$HeaderWriterRequest@2d455adb]]
2022-04-26 13:50:10.151  INFO 4976 --- [http-nio-8889-exec-2] c.c.logging_and_tracing.GatewayLogger    : [ACTIVITY-Server CommunicationaddToCart| Request Inputs: [RequestInfo(productId=3, quantity=100), customer1]
2022-04-26 13:50:11.755  INFO 4976 --- [http-nio-8889-exec-2] c.c.logging_and_tracing.GatewayLogger    : [ACTIVITY-Server CommunicationaddToCart | Result: Success | Cause: No Errors Found. | Returned:[com.cartgateway.dtos.ResponseInfo@4973148d]
2022-04-26 13:50:11.757  INFO 4976 --- [http-nio-8889-exec-2] c.c.logging_and_tracing.GatewayLogger    : [ACTIVITY-Server CommunicationsendRequestToProductMicroservice| Request Inputs: [/book, RequestInfo(productId=3, quantity=100)]
2022-04-26 13:50:12.956  INFO 4976 --- [http-nio-8889-exec-2] c.c.logging_and_tracing.GatewayLogger    : Sent request to: http://localhost:8887/api/v1/cartRelatedOperations/book [PUT]. Response status code: 200 [200 OK]
2022-04-26 13:50:12.957  INFO 4976 --- [http-nio-8889-exec-2] c.c.logging_and_tracing.GatewayLogger    : [ACTIVITY-Server CommunicationsendRequestToProductMicroservice | Result: Success | Cause: No Errors Found. | Returned:null
2022-04-26 13:50:12.957  INFO 4976 --- [http-nio-8889-exec-2] c.c.logging_and_tracing.GatewayLogger    : [ACTIVITY-Controller] addToCart | Result: Success | Cause: No Errors Found. | Returned:[com.cartgateway.dtos.ResponseInfo@4973148d]
2022-04-26 13:50:18.878  INFO 4976 --- [http-nio-8889-exec-3] c.c.logging_and_tracing.GatewayLogger    : [ACTIVITY-Controller] checkOut| Request Inputs: [OrderRequest(itemDetails=null, shippingCourier=courier, consumer=null), org.springframework.validation.BeanPropertyBindingResult: 0 errors, SecurityContextHolderAwareRequestWrapper[ org.springframework.security.web.header.HeaderWriterFilter$HeaderWriterRequest@4333569d]]
2022-04-26 13:50:18.878  INFO 4976 --- [http-nio-8889-exec-3] c.c.logging_and_tracing.GatewayLogger    : [ACTIVITY-Server CommunicationlistAll| Request Inputs: [customer1]
2022-04-26 13:50:18.904  INFO 4976 --- [http-nio-8889-exec-3] c.c.logging_and_tracing.GatewayLogger    : [ACTIVITY-Server CommunicationlistAll | Result: Success | Cause: No Errors Found. | Returned:[com.cartgateway.dtos.ResponseInfo@47076e19]
2022-04-26 13:50:18.910  INFO 4976 --- [http-nio-8889-exec-3] c.c.logging_and_tracing.GatewayLogger    : [ACTIVITY-Server CommunicationsendRequestToProductMicroservice| Request Inputs: [/order, OrderRequest(itemDetails=[RequestInfo(productId=3, quantity=100)], shippingCourier=courier, consumer=customer1)]
2022-04-26 13:50:19.217  INFO 4976 --- [http-nio-8889-exec-3] c.c.logging_and_tracing.GatewayLogger    : Sent request to: http://localhost:8887/api/v1/cartRelatedOperations/order [PUT]. Response status code: 200 [200 OK]
2022-04-26 13:50:19.217  INFO 4976 --- [http-nio-8889-exec-3] c.c.logging_and_tracing.GatewayLogger    : [ACTIVITY-Server CommunicationsendRequestToProductMicroservice | Result: Success | Cause: No Errors Found. | Returned:null
2022-04-26 13:50:19.218  INFO 4976 --- [http-nio-8889-exec-3] c.c.logging_and_tracing.GatewayLogger    : [ACTIVITY-Server CommunicationcheckOut| Request Inputs: [customer1]
2022-04-26 13:50:19.253  INFO 4976 --- [http-nio-8889-exec-3] c.c.logging_and_tracing.GatewayLogger    : [ACTIVITY-Server CommunicationcheckOut | Result: Success | Cause: No Errors Found. | Returned:SUCCESS
2022-04-26 13:50:19.254  INFO 4976 --- [http-nio-8889-exec-3] c.c.logging_and_tracing.GatewayLogger    : [ACTIVITY-Controller] checkOut | Result: Success | Cause: No Errors Found. | Returned:SUCCESSFULLY PROCESSED
2022-04-26 13:51:12.010  INFO 4976 --- [http-nio-8889-exec-4] c.c.logging_and_tracing.GatewayLogger    : [ACTIVITY-Controller] addToCart| Request Inputs: [RequestInfo(productId=2, quantity=100), org.springframework.validation.BeanPropertyBindingResult: 0 errors, SecurityContextHolderAwareRequestWrapper[ org.springframework.security.web.header.HeaderWriterFilter$HeaderWriterRequest@26732005]]
2022-04-26 13:51:12.011  INFO 4976 --- [http-nio-8889-exec-4] c.c.logging_and_tracing.GatewayLogger    : [ACTIVITY-Server CommunicationaddToCart| Request Inputs: [RequestInfo(productId=2, quantity=100), customer1]
2022-04-26 13:51:12.057  INFO 4976 --- [http-nio-8889-exec-4] c.c.logging_and_tracing.GatewayLogger    : [ACTIVITY-Server CommunicationaddToCart | Result: Success | Cause: No Errors Found. | Returned:[com.cartgateway.dtos.ResponseInfo@582adfcd]
2022-04-26 13:51:12.057  INFO 4976 --- [http-nio-8889-exec-4] c.c.logging_and_tracing.GatewayLogger    : [ACTIVITY-Server CommunicationsendRequestToProductMicroservice| Request Inputs: [/book, RequestInfo(productId=2, quantity=100)]
2022-04-26 13:51:12.098  INFO 4976 --- [http-nio-8889-exec-4] c.c.logging_and_tracing.GatewayLogger    : Sent request to: http://localhost:8887/api/v1/cartRelatedOperations/book [PUT]. Response status code: 200 [200 OK]
2022-04-26 13:51:12.098  INFO 4976 --- [http-nio-8889-exec-4] c.c.logging_and_tracing.GatewayLogger    : [ACTIVITY-Server CommunicationsendRequestToProductMicroservice | Result: Success | Cause: No Errors Found. | Returned:null
2022-04-26 13:51:12.098  INFO 4976 --- [http-nio-8889-exec-4] c.c.logging_and_tracing.GatewayLogger    : [ACTIVITY-Controller] addToCart | Result: Success | Cause: No Errors Found. | Returned:[com.cartgateway.dtos.ResponseInfo@582adfcd]
2022-04-26 13:51:15.671  INFO 4976 --- [http-nio-8889-exec-5] c.c.logging_and_tracing.GatewayLogger    : [ACTIVITY-Controller] addToCart| Request Inputs: [RequestInfo(productId=1, quantity=100), org.springframework.validation.BeanPropertyBindingResult: 0 errors, SecurityContextHolderAwareRequestWrapper[ org.springframework.security.web.header.HeaderWriterFilter$HeaderWriterRequest@4eac3442]]
2022-04-26 13:51:15.671  INFO 4976 --- [http-nio-8889-exec-5] c.c.logging_and_tracing.GatewayLogger    : [ACTIVITY-Server CommunicationaddToCart| Request Inputs: [RequestInfo(productId=1, quantity=100), customer1]
2022-04-26 13:51:15.708  INFO 4976 --- [http-nio-8889-exec-5] c.c.logging_and_tracing.GatewayLogger    : [ACTIVITY-Server CommunicationaddToCart | Result: Success | Cause: No Errors Found. | Returned:[com.cartgateway.dtos.ResponseInfo@156c9dc, com.cartgateway.dtos.ResponseInfo@2e77f390]
2022-04-26 13:51:15.708  INFO 4976 --- [http-nio-8889-exec-5] c.c.logging_and_tracing.GatewayLogger    : [ACTIVITY-Server CommunicationsendRequestToProductMicroservice| Request Inputs: [/book, RequestInfo(productId=1, quantity=100)]
2022-04-26 13:51:15.737  INFO 4976 --- [http-nio-8889-exec-5] c.c.logging_and_tracing.GatewayLogger    : Sent request to: http://localhost:8887/api/v1/cartRelatedOperations/book [PUT]. Response status code: 200 [200 OK]
2022-04-26 13:51:15.738  INFO 4976 --- [http-nio-8889-exec-5] c.c.logging_and_tracing.GatewayLogger    : [ACTIVITY-Server CommunicationsendRequestToProductMicroservice | Result: Success | Cause: No Errors Found. | Returned:null
2022-04-26 13:51:15.738  INFO 4976 --- [http-nio-8889-exec-5] c.c.logging_and_tracing.GatewayLogger    : [ACTIVITY-Controller] addToCart | Result: Success | Cause: No Errors Found. | Returned:[com.cartgateway.dtos.ResponseInfo@156c9dc, com.cartgateway.dtos.ResponseInfo@2e77f390]
2022-04-26 13:51:18.904  INFO 4976 --- [http-nio-8889-exec-6] c.c.logging_and_tracing.GatewayLogger    : [ACTIVITY-Controller] listAll| Request Inputs: [SecurityContextHolderAwareRequestWrapper[ org.springframework.security.web.header.HeaderWriterFilter$HeaderWriterRequest@4a0973d8]]
2022-04-26 13:51:18.904  INFO 4976 --- [http-nio-8889-exec-6] c.c.logging_and_tracing.GatewayLogger    : [ACTIVITY-Server CommunicationlistAll| Request Inputs: [customer1]
2022-04-26 13:51:18.921  INFO 4976 --- [http-nio-8889-exec-6] c.c.logging_and_tracing.GatewayLogger    : [ACTIVITY-Server CommunicationlistAll | Result: Success | Cause: No Errors Found. | Returned:[com.cartgateway.dtos.ResponseInfo@5f573dbc, com.cartgateway.dtos.ResponseInfo@5e41023d]
2022-04-26 13:51:18.921  INFO 4976 --- [http-nio-8889-exec-6] c.c.logging_and_tracing.GatewayLogger    : [ACTIVITY-Controller] listAll | Result: Success | Cause: No Errors Found. | Returned:[com.cartgateway.dtos.ResponseInfo@5f573dbc, com.cartgateway.dtos.ResponseInfo@5e41023d]
2022-04-26 13:51:25.846  INFO 4976 --- [http-nio-8889-exec-7] c.c.logging_and_tracing.GatewayLogger    : [ACTIVITY-Controller] checkOut| Request Inputs: [OrderRequest(itemDetails=null, shippingCourier=courier, consumer=null), org.springframework.validation.BeanPropertyBindingResult: 0 errors, SecurityContextHolderAwareRequestWrapper[ org.springframework.security.web.header.HeaderWriterFilter$HeaderWriterRequest@3544e218]]
2022-04-26 13:51:25.847  INFO 4976 --- [http-nio-8889-exec-7] c.c.logging_and_tracing.GatewayLogger    : [ACTIVITY-Server CommunicationlistAll| Request Inputs: [customer1]
2022-04-26 13:51:25.878  INFO 4976 --- [http-nio-8889-exec-7] c.c.logging_and_tracing.GatewayLogger    : [ACTIVITY-Server CommunicationlistAll | Result: Success | Cause: No Errors Found. | Returned:[com.cartgateway.dtos.ResponseInfo@68787996, com.cartgateway.dtos.ResponseInfo@4b8ebb53]
2022-04-26 13:51:25.878  INFO 4976 --- [http-nio-8889-exec-7] c.c.logging_and_tracing.GatewayLogger    : [ACTIVITY-Server CommunicationsendRequestToProductMicroservice| Request Inputs: [/order, OrderRequest(itemDetails=[RequestInfo(productId=2, quantity=100), RequestInfo(productId=1, quantity=100)], shippingCourier=courier, consumer=customer1)]
2022-04-26 13:51:26.028  INFO 4976 --- [http-nio-8889-exec-7] c.c.logging_and_tracing.GatewayLogger    : Sent request to: http://localhost:8887/api/v1/cartRelatedOperations/order [PUT]. Response status code: 200 [200 OK]
2022-04-26 13:51:26.029  INFO 4976 --- [http-nio-8889-exec-7] c.c.logging_and_tracing.GatewayLogger    : [ACTIVITY-Server CommunicationsendRequestToProductMicroservice | Result: Success | Cause: No Errors Found. | Returned:null
2022-04-26 13:51:26.029  INFO 4976 --- [http-nio-8889-exec-7] c.c.logging_and_tracing.GatewayLogger    : [ACTIVITY-Server CommunicationcheckOut| Request Inputs: [customer1]
2022-04-26 13:51:26.056  INFO 4976 --- [http-nio-8889-exec-7] c.c.logging_and_tracing.GatewayLogger    : [ACTIVITY-Server CommunicationcheckOut | Result: Success | Cause: No Errors Found. | Returned:SUCCESS
2022-04-26 13:51:26.056  INFO 4976 --- [http-nio-8889-exec-7] c.c.logging_and_tracing.GatewayLogger    : [ACTIVITY-Controller] checkOut | Result: Success | Cause: No Errors Found. | Returned:SUCCESSFULLY PROCESSED
2022-04-26 14:01:50.158  INFO 19000 --- [main] cCartGatewayMicroserviceApplicationTests : Starting PocCartGatewayMicroserviceApplicationTests using Java 17.0.1 on DESKTOP-C0H1UP2 with PID 19000 (started by Collabera in C:\Users\Collabera\Desktop\POC_WORKSPACE\POC-CartGatewayMicroservice)
2022-04-26 14:01:50.163  INFO 19000 --- [main] cCartGatewayMicroserviceApplicationTests : No active profile set, falling back to 1 default profile: "default"
2022-04-26 14:02:01.923  INFO 19000 --- [main] o.s.s.web.DefaultSecurityFilterChain     : Will not secure any request
2022-04-26 14:02:13.431  INFO 19000 --- [main] n.d.b.g.c.a.GrpcClientAutoConfiguration  : Detected grpc-netty-shaded: Creating ShadedNettyChannelFactory + InProcessChannelFactory
2022-04-26 14:02:16.701  INFO 19000 --- [main] o.s.b.a.e.web.EndpointLinksResolver      : Exposing 14 endpoint(s) beneath base path '/actuator'
2022-04-26 14:02:17.458  INFO 19000 --- [main] cCartGatewayMicroserviceApplicationTests : Started PocCartGatewayMicroserviceApplicationTests in 28.231 seconds (JVM running for 30.285)
